2025-12-12 13:55:01 [INFO] __main__: execution_engine: started
2025-12-12 13:55:01 [ERROR] __main__: execution_engine: cannot get DB connection: (1045, "Access denied for user 'ai_trader'@'localhost' (using password: YES)")
Traceback (most recent call last):
  File "/www/wwwroot/ai-hedge.cryptobavaro.online/ai_trading_bot/src/analytics_engine/execution_engine.py", line 286, in main
    conn = get_db_connection()
           ^^^^^^^^^^^^^^^^^^^
  File "/www/wwwroot/ai-hedge.cryptobavaro.online/ai_trading_bot/src/data_collector/db_utils.py", line 23, in get_db_connection
    conn = pymysql.connect(
           ^^^^^^^^^^^^^^^^
  File "/www/wwwroot/ai-hedge.cryptobavaro.online/ai_trading_bot/venv/lib/python3.12/site-packages/pymysql/connections.py", line 365, in __init__
    self.connect()
  File "/www/wwwroot/ai-hedge.cryptobavaro.online/ai_trading_bot/venv/lib/python3.12/site-packages/pymysql/connections.py", line 681, in connect
    self._request_authentication()
  File "/www/wwwroot/ai-hedge.cryptobavaro.online/ai_trading_bot/venv/lib/python3.12/site-packages/pymysql/connections.py", line 958, in _request_authentication
    auth_packet = self._read_packet()
                  ^^^^^^^^^^^^^^^^^^^
  File "/www/wwwroot/ai-hedge.cryptobavaro.online/ai_trading_bot/venv/lib/python3.12/site-packages/pymysql/connections.py", line 782, in _read_packet
    packet.raise_for_error()
  File "/www/wwwroot/ai-hedge.cryptobavaro.online/ai_trading_bot/venv/lib/python3.12/site-packages/pymysql/protocol.py", line 219, in raise_for_error
    err.raise_mysql_exception(self._data)
  File "/www/wwwroot/ai-hedge.cryptobavaro.online/ai_trading_bot/venv/lib/python3.12/site-packages/pymysql/err.py", line 150, in raise_mysql_exception
    raise errorclass(errno, errval)
pymysql.err.OperationalError: (1045, "Access denied for user 'ai_trader'@'localhost' (using password: YES)")
2025-12-12 14:00:01 [INFO] __main__: execution_engine: started
2025-12-12 14:00:01 [ERROR] __main__: execution_engine: cannot get DB connection: (1045, "Access denied for user 'ai_trader'@'localhost' (using password: YES)")
Traceback (most recent call last):
  File "/www/wwwroot/ai-hedge.cryptobavaro.online/ai_trading_bot/src/analytics_engine/execution_engine.py", line 286, in main
    conn = get_db_connection()
           ^^^^^^^^^^^^^^^^^^^
  File "/www/wwwroot/ai-hedge.cryptobavaro.online/ai_trading_bot/src/data_collector/db_utils.py", line 23, in get_db_connection
    conn = pymysql.connect(
           ^^^^^^^^^^^^^^^^
  File "/www/wwwroot/ai-hedge.cryptobavaro.online/ai_trading_bot/venv/lib/python3.12/site-packages/pymysql/connections.py", line 365, in __init__
    self.connect()
  File "/www/wwwroot/ai-hedge.cryptobavaro.online/ai_trading_bot/venv/lib/python3.12/site-packages/pymysql/connections.py", line 681, in connect
    self._request_authentication()
  File "/www/wwwroot/ai-hedge.cryptobavaro.online/ai_trading_bot/venv/lib/python3.12/site-packages/pymysql/connections.py", line 958, in _request_authentication
    auth_packet = self._read_packet()
                  ^^^^^^^^^^^^^^^^^^^
  File "/www/wwwroot/ai-hedge.cryptobavaro.online/ai_trading_bot/venv/lib/python3.12/site-packages/pymysql/connections.py", line 782, in _read_packet
    packet.raise_for_error()
  File "/www/wwwroot/ai-hedge.cryptobavaro.online/ai_trading_bot/venv/lib/python3.12/site-packages/pymysql/protocol.py", line 219, in raise_for_error
    err.raise_mysql_exception(self._data)
  File "/www/wwwroot/ai-hedge.cryptobavaro.online/ai_trading_bot/venv/lib/python3.12/site-packages/pymysql/err.py", line 150, in raise_mysql_exception
    raise errorclass(errno, errval)
pymysql.err.OperationalError: (1045, "Access denied for user 'ai_trader'@'localhost' (using password: YES)")
2025-12-12 14:05:01 [INFO] __main__: execution_engine: started
2025-12-12 14:05:01 [ERROR] __main__: execution_engine: cannot get DB connection: (1045, "Access denied for user 'ai_trader'@'localhost' (using password: YES)")
Traceback (most recent call last):
  File "/www/wwwroot/ai-hedge.cryptobavaro.online/ai_trading_bot/src/analytics_engine/execution_engine.py", line 286, in main
    conn = get_db_connection()
           ^^^^^^^^^^^^^^^^^^^
  File "/www/wwwroot/ai-hedge.cryptobavaro.online/ai_trading_bot/src/data_collector/db_utils.py", line 23, in get_db_connection
    conn = pymysql.connect(
           ^^^^^^^^^^^^^^^^
  File "/www/wwwroot/ai-hedge.cryptobavaro.online/ai_trading_bot/venv/lib/python3.12/site-packages/pymysql/connections.py", line 365, in __init__
    self.connect()
  File "/www/wwwroot/ai-hedge.cryptobavaro.online/ai_trading_bot/venv/lib/python3.12/site-packages/pymysql/connections.py", line 681, in connect
    self._request_authentication()
  File "/www/wwwroot/ai-hedge.cryptobavaro.online/ai_trading_bot/venv/lib/python3.12/site-packages/pymysql/connections.py", line 958, in _request_authentication
    auth_packet = self._read_packet()
                  ^^^^^^^^^^^^^^^^^^^
  File "/www/wwwroot/ai-hedge.cryptobavaro.online/ai_trading_bot/venv/lib/python3.12/site-packages/pymysql/connections.py", line 782, in _read_packet
    packet.raise_for_error()
  File "/www/wwwroot/ai-hedge.cryptobavaro.online/ai_trading_bot/venv/lib/python3.12/site-packages/pymysql/protocol.py", line 219, in raise_for_error
    err.raise_mysql_exception(self._data)
  File "/www/wwwroot/ai-hedge.cryptobavaro.online/ai_trading_bot/venv/lib/python3.12/site-packages/pymysql/err.py", line 150, in raise_mysql_exception
    raise errorclass(errno, errval)
pymysql.err.OperationalError: (1045, "Access denied for user 'ai_trader'@'localhost' (using password: YES)")
2025-12-12 14:10:01 [INFO] __main__: execution_engine: started
2025-12-12 14:10:01 [ERROR] __main__: execution_engine: cannot get DB connection: (1045, "Access denied for user 'ai_trader'@'localhost' (using password: YES)")
Traceback (most recent call last):
  File "/www/wwwroot/ai-hedge.cryptobavaro.online/ai_trading_bot/src/analytics_engine/execution_engine.py", line 286, in main
    conn = get_db_connection()
           ^^^^^^^^^^^^^^^^^^^
  File "/www/wwwroot/ai-hedge.cryptobavaro.online/ai_trading_bot/src/data_collector/db_utils.py", line 23, in get_db_connection
    conn = pymysql.connect(
           ^^^^^^^^^^^^^^^^
  File "/www/wwwroot/ai-hedge.cryptobavaro.online/ai_trading_bot/venv/lib/python3.12/site-packages/pymysql/connections.py", line 365, in __init__
    self.connect()
  File "/www/wwwroot/ai-hedge.cryptobavaro.online/ai_trading_bot/venv/lib/python3.12/site-packages/pymysql/connections.py", line 681, in connect
    self._request_authentication()
  File "/www/wwwroot/ai-hedge.cryptobavaro.online/ai_trading_bot/venv/lib/python3.12/site-packages/pymysql/connections.py", line 958, in _request_authentication
    auth_packet = self._read_packet()
                  ^^^^^^^^^^^^^^^^^^^
  File "/www/wwwroot/ai-hedge.cryptobavaro.online/ai_trading_bot/venv/lib/python3.12/site-packages/pymysql/connections.py", line 782, in _read_packet
    packet.raise_for_error()
  File "/www/wwwroot/ai-hedge.cryptobavaro.online/ai_trading_bot/venv/lib/python3.12/site-packages/pymysql/protocol.py", line 219, in raise_for_error
    err.raise_mysql_exception(self._data)
  File "/www/wwwroot/ai-hedge.cryptobavaro.online/ai_trading_bot/venv/lib/python3.12/site-packages/pymysql/err.py", line 150, in raise_mysql_exception
    raise errorclass(errno, errval)
pymysql.err.OperationalError: (1045, "Access denied for user 'ai_trader'@'localhost' (using password: YES)")
